<?xml version="1.0" encoding="UTF-8"?>
<!-- Generated by org.testng.reporters.JUnitXMLReporter -->
<testsuite ignored="0" hostname="INVW19CON40" failures="0" tests="2" name="Cucumber BDD Test" time="40.089" errors="0" timestamp="2024-03-28T12:54:44 IST">
  <testcase classname="io.cucumber.testng.AbstractTestNGCucumberTests" name="runScenario" time="25.394"/>
  <testcase classname="io.cucumber.testng.AbstractTestNGCucumberTests" name="runScenario" time="12.386"/>
</testsuite> <!-- Cucumber BDD Test -->
