<?xml version="1.0" encoding="UTF-8"?>
<testng-results ignored="0" total="1" passed="1" failed="0" skipped="0">
  <reporter-output>
  </reporter-output>
  <suite started-at="2024-03-25T10:53:50 IST" name="Suite" finished-at="2024-03-25T10:54:22 IST" duration-ms="32002">
    <groups>
      <group name="cucumber">
        <method signature="AbstractTestNGCucumberTests.runScenario(io.cucumber.testng.PickleWrapper,io.cucumber.testng.FeatureWrapper)[pri:0, instance:runner.RunCuke@550ee7e5]" name="runScenario" class="io.cucumber.testng.AbstractTestNGCucumberTests"/>
      </group> <!-- cucumber -->
    </groups>
    <test started-at="2024-03-25T10:53:50 IST" name="Cucumber BDD Test" finished-at="2024-03-25T10:54:22 IST" duration-ms="32002">
      <class name="runner.RunCuke">
        <test-method is-config="true" signature="setUpClass(org.testng.ITestContext)[pri:0, instance:runner.RunCuke@550ee7e5]" started-at="2024-03-25T10:53:50 IST" name="setUpClass" finished-at="2024-03-25T10:53:51 IST" duration-ms="1133" status="PASS">
          <params>
            <param index="0">
              <value>
                <![CDATA[org.testng.TestRunner@394a6d2b]]>
              </value>
            </param>
          </params>
          <reporter-output>
          </reporter-output>
        </test-method> <!-- setUpClass -->
        <test-method signature="runScenario(io.cucumber.testng.PickleWrapper,io.cucumber.testng.FeatureWrapper)[pri:0, instance:runner.RunCuke@550ee7e5]" started-at="2024-03-25T10:53:51 IST" name="runScenario" description="Runs Cucumber Scenarios" data-provider="scenarios" finished-at="2024-03-25T10:54:21 IST" duration-ms="30227" status="PASS">
          <params>
            <param index="0">
              <value>
                <![CDATA["Searching for a new car"]]>
              </value>
            </param>
            <param index="1">
              <value>
                <![CDATA["validation of car search page"]]>
              </value>
            </param>
          </params>
          <reporter-output>
          </reporter-output>
        </test-method> <!-- runScenario -->
        <test-method is-config="true" signature="tearDownClass()[pri:0, instance:runner.RunCuke@550ee7e5]" started-at="2024-03-25T10:54:21 IST" name="tearDownClass" finished-at="2024-03-25T10:54:22 IST" duration-ms="578" status="PASS">
          <reporter-output>
          </reporter-output>
        </test-method> <!-- tearDownClass -->
      </class> <!-- runner.RunCuke -->
    </test> <!-- Cucumber BDD Test -->
  </suite> <!-- Suite -->
</testng-results>
