<?xml version="1.0" encoding="UTF-8"?>
<testng-results ignored="0" total="2" passed="2" failed="0" skipped="0">
  <reporter-output>
  </reporter-output>
  <suite started-at="2024-03-28T12:54:04 IST" name="Suite" finished-at="2024-03-28T12:54:44 IST" duration-ms="40089">
    <groups>
      <group name="cucumber">
        <method signature="AbstractTestNGCucumberTests.runScenario(io.cucumber.testng.PickleWrapper,io.cucumber.testng.FeatureWrapper)[pri:0, instance:runner.RunCuke@20140db9]" name="runScenario" class="io.cucumber.testng.AbstractTestNGCucumberTests"/>
      </group> <!-- cucumber -->
    </groups>
    <test started-at="2024-03-28T12:54:04 IST" name="Cucumber BDD Test" finished-at="2024-03-28T12:54:44 IST" duration-ms="40089">
      <class name="runner.RunCuke">
        <test-method is-config="true" signature="setUpClass(org.testng.ITestContext)[pri:0, instance:runner.RunCuke@20140db9]" started-at="2024-03-28T12:54:04 IST" name="setUpClass" finished-at="2024-03-28T12:54:05 IST" duration-ms="1358" status="PASS">
          <params>
            <param index="0">
              <value>
                <![CDATA[org.testng.TestRunner@25214797]]>
              </value>
            </param>
          </params>
          <reporter-output>
          </reporter-output>
        </test-method> <!-- setUpClass -->
        <test-method signature="runScenario(io.cucumber.testng.PickleWrapper,io.cucumber.testng.FeatureWrapper)[pri:0, instance:runner.RunCuke@20140db9]" started-at="2024-03-28T12:54:06 IST" name="runScenario" description="Runs Cucumber Scenarios" data-provider="scenarios" finished-at="2024-03-28T12:54:31 IST" duration-ms="25394" status="PASS">
          <params>
            <param index="0">
              <value>
                <![CDATA["Searching for a new car"]]>
              </value>
            </param>
            <param index="1">
              <value>
                <![CDATA["validation of car search page"]]>
              </value>
            </param>
          </params>
          <reporter-output>
          </reporter-output>
        </test-method> <!-- runScenario -->
        <test-method signature="runScenario(io.cucumber.testng.PickleWrapper,io.cucumber.testng.FeatureWrapper)[pri:0, instance:runner.RunCuke@20140db9]" started-at="2024-03-28T12:54:31 IST" name="runScenario" description="Runs Cucumber Scenarios" data-provider="scenarios" finished-at="2024-03-28T12:54:43 IST" duration-ms="12386" status="PASS">
          <params>
            <param index="0">
              <value>
                <![CDATA["Searching for a used car"]]>
              </value>
            </param>
            <param index="1">
              <value>
                <![CDATA["validation of used car search page"]]>
              </value>
            </param>
          </params>
          <reporter-output>
          </reporter-output>
        </test-method> <!-- runScenario -->
        <test-method is-config="true" signature="tearDownClass()[pri:0, instance:runner.RunCuke@20140db9]" started-at="2024-03-28T12:54:43 IST" name="tearDownClass" finished-at="2024-03-28T12:54:44 IST" duration-ms="898" status="PASS">
          <reporter-output>
          </reporter-output>
        </test-method> <!-- tearDownClass -->
      </class> <!-- runner.RunCuke -->
    </test> <!-- Cucumber BDD Test -->
  </suite> <!-- Suite -->
</testng-results>
